<?xml version="1.0" encoding="UTF-8"?>
<testsuite xmlns:xsi="http://www.w3.org/2001/XMLSchema-instance" xsi:noNamespaceSchemaLocation="https://maven.apache.org/surefire/maven-surefire-plugin/xsd/surefire-test-report-3.0.xsd" version="3.0" name="storedMessagesTest" time="0.115" tests="6" errors="0" skipped="0" failures="0">
  <properties>
[...]
</properties>
  <testcase name="checkArraysCorrectlyPopulated" classname="storedMessagesTest" time="0.035">
    <system-out><![CDATA[storedMessageTestJSON-2026-06-11T11-29-37.json
JSON successfully saved to storedMessageTestJSON-2026-06-11T11-29-37.json
JSON successfully saved to storedMessageTestJSON-2026-06-11T11-29-37.json
]]></system-out>
    <system-err><![CDATA[Error reading JSON file: storedMessageTestJSON-2026-06-11T11-29-37.json (The system cannot find the file specified)
]]></system-err>
  </testcase>
  <testcase name="checkSentMessagesCorrectlyPopulated" classname="storedMessagesTest" time="0.002"/>
  <testcase name="checkDisplayLongestString" classname="storedMessagesTest" time="0.001">
    <system-out><![CDATA[Where are you? You are late! I have asked you to be on time.
]]></system-out>
  </testcase>
  <testcase name="checkSearchMessageID" classname="storedMessagesTest" time="0.001"/>
  <testcase name="searchMessagesStoredForRecipient" classname="storedMessagesTest" time="0.003"/>
  <testcase name="deleteMessageViaHash" classname="storedMessagesTest" time="0.002">
    <system-out><![CDATA[Message Deleted
JSON successfully saved to storedMessageTestJSON-2026-06-11T11-29-37.json
]]></system-out>
  </testcase>
</testsuite>