<?xml version="1.0" encoding="UTF-8"?>
<testsuite xmlns:xsi="http://www.w3.org/2001/XMLSchema-instance" xsi:noNamespaceSchemaLocation="https://maven.apache.org/surefire/maven-surefire-plugin/xsd/surefire-test-report-3.0.xsd" version="3.0" name="storedMessagesTest" time="0.143" tests="6" errors="2" skipped="0" failures="3">
  <properties>
[...]
</properties>
  <testcase name="populateArrays" classname="storedMessagesTest" time="0.037">
    <system-out><![CDATA[JSON successfully saved to storedMessageTestJSON.json
JSON successfully saved to storedMessageTestJSON.json
2
]]></system-out>
    <system-err><![CDATA[Error reading JSON file: savedMessages.json (The system cannot find the file specified)
]]></system-err>
  </testcase>
  <testcase name="checkSentMessagesCorrectlyPopulated" classname="storedMessagesTest" time="0.008">
    <error message="Index 0 out of bounds for length 0" type="java.lang.IndexOutOfBoundsException"><![CDATA[java.lang.IndexOutOfBoundsException: Index 0 out of bounds for length 0
	at java.base/jdk.internal.util.Preconditions.outOfBounds(Preconditions.java:100)
	at java.base/jdk.internal.util.Preconditions.outOfBoundsCheckIndex(Preconditions.java:106)
	at java.base/jdk.internal.util.Preconditions.checkIndex(Preconditions.java:302)
	at java.base/java.util.Objects.checkIndex(Objects.java:365)
	at java.base/java.util.ArrayList.get(ArrayList.java:428)
	at storedMessagesTest.checkSentMessagesCorrectlyPopulated(storedMessagesTest.java:58)
	at java.base/java.lang.reflect.Method.invoke(Method.java:565)
	at java.base/java.util.ArrayList.forEach(ArrayList.java:1604)
	at java.base/java.util.ArrayList.forEach(ArrayList.java:1604)
]]></error>
    <system-err><![CDATA[Error reading JSON file: savedMessages.json (The system cannot find the file specified)
]]></system-err>
  </testcase>
  <testcase name="checkDisplayLongestString" classname="storedMessagesTest" time="0.003">
    <error message="Index 0 out of bounds for length 0" type="java.lang.IndexOutOfBoundsException"><![CDATA[java.lang.IndexOutOfBoundsException: Index 0 out of bounds for length 0
	at java.base/jdk.internal.util.Preconditions.outOfBounds(Preconditions.java:100)
	at java.base/jdk.internal.util.Preconditions.outOfBoundsCheckIndex(Preconditions.java:106)
	at java.base/jdk.internal.util.Preconditions.checkIndex(Preconditions.java:302)
	at java.base/java.util.Objects.checkIndex(Objects.java:365)
	at java.base/java.util.ArrayList.get(ArrayList.java:428)
	at com.mycompany.quickchat.Message.showLongestStoredMessage(Message.java:193)
	at storedMessagesTest.checkDisplayLongestString(storedMessagesTest.java:67)
	at java.base/java.lang.reflect.Method.invoke(Method.java:565)
	at java.base/java.util.ArrayList.forEach(ArrayList.java:1604)
	at java.base/java.util.ArrayList.forEach(ArrayList.java:1604)
]]></error>
    <system-err><![CDATA[Error reading JSON file: savedMessages.json (The system cannot find the file specified)
]]></system-err>
  </testcase>
  <testcase name="checkSearchMessageID" classname="storedMessagesTest" time="0.008">
    <failure message="expected: &lt;it is dinner time !&gt; but was: &lt;&gt;" type="org.opentest4j.AssertionFailedError"><![CDATA[org.opentest4j.AssertionFailedError: expected: <it is dinner time !> but was: <>
	at org.junit.jupiter.api.AssertionFailureBuilder.build(AssertionFailureBuilder.java:151)
	at org.junit.jupiter.api.AssertionFailureBuilder.buildAndThrow(AssertionFailureBuilder.java:132)
	at org.junit.jupiter.api.AssertEquals.failNotEqual(AssertEquals.java:197)
	at org.junit.jupiter.api.AssertEquals.assertEquals(AssertEquals.java:182)
	at org.junit.jupiter.api.AssertEquals.assertEquals(AssertEquals.java:177)
	at org.junit.jupiter.api.Assertions.assertEquals(Assertions.java:1145)
	at storedMessagesTest.checkSearchMessageID(storedMessagesTest.java:77)
	at java.base/java.lang.reflect.Method.invoke(Method.java:565)
	at java.base/java.util.ArrayList.forEach(ArrayList.java:1604)
	at java.base/java.util.ArrayList.forEach(ArrayList.java:1604)
]]></failure>
    <system-out><![CDATA[Message not found
]]></system-out>
    <system-err><![CDATA[Error reading JSON file: savedMessages.json (The system cannot find the file specified)
]]></system-err>
  </testcase>
  <testcase name="searchMessagesStoredForRecipient" classname="storedMessagesTest" time="0.002">
    <failure message="expected: &lt;[Where are you? You are late! I have asked you to be on time., Ok I am leaving without you.]&gt; but was: &lt;[]&gt;" type="org.opentest4j.AssertionFailedError"><![CDATA[org.opentest4j.AssertionFailedError: expected: <[Where are you? You are late! I have asked you to be on time., Ok I am leaving without you.]> but was: <[]>
	at org.junit.jupiter.api.AssertionFailureBuilder.build(AssertionFailureBuilder.java:151)
	at org.junit.jupiter.api.AssertionFailureBuilder.buildAndThrow(AssertionFailureBuilder.java:132)
	at org.junit.jupiter.api.AssertEquals.failNotEqual(AssertEquals.java:197)
	at org.junit.jupiter.api.AssertEquals.assertEquals(AssertEquals.java:182)
	at org.junit.jupiter.api.AssertEquals.assertEquals(AssertEquals.java:177)
	at org.junit.jupiter.api.Assertions.assertEquals(Assertions.java:1145)
	at storedMessagesTest.searchMessagesStoredForRecipient(storedMessagesTest.java:86)
	at java.base/java.lang.reflect.Method.invoke(Method.java:565)
	at java.base/java.util.ArrayList.forEach(ArrayList.java:1604)
	at java.base/java.util.ArrayList.forEach(ArrayList.java:1604)
]]></failure>
    <system-err><![CDATA[Error reading JSON file: savedMessages.json (The system cannot find the file specified)
]]></system-err>
  </testcase>
  <testcase name="deleteMessageViaHash" classname="storedMessagesTest" time="0.005">
    <failure message="expected: &lt;Where are you? You are late! I have asked you to be on time.&gt; but was: &lt;&gt;" type="org.opentest4j.AssertionFailedError"><![CDATA[org.opentest4j.AssertionFailedError: expected: <Where are you? You are late! I have asked you to be on time.> but was: <>
	at org.junit.jupiter.api.AssertionFailureBuilder.build(AssertionFailureBuilder.java:151)
	at org.junit.jupiter.api.AssertionFailureBuilder.buildAndThrow(AssertionFailureBuilder.java:132)
	at org.junit.jupiter.api.AssertEquals.failNotEqual(AssertEquals.java:197)
	at org.junit.jupiter.api.AssertEquals.assertEquals(AssertEquals.java:182)
	at org.junit.jupiter.api.AssertEquals.assertEquals(AssertEquals.java:177)
	at org.junit.jupiter.api.Assertions.assertEquals(Assertions.java:1145)
	at storedMessagesTest.deleteMessageViaHash(storedMessagesTest.java:95)
	at java.base/java.lang.reflect.Method.invoke(Method.java:565)
	at java.base/java.util.ArrayList.forEach(ArrayList.java:1604)
	at java.base/java.util.ArrayList.forEach(ArrayList.java:1604)
]]></failure>
    <system-out><![CDATA[JSON successfully saved to storedMessageTestJSON.json
]]></system-out>
    <system-err><![CDATA[Error reading JSON file: savedMessages.json (The system cannot find the file specified)
]]></system-err>
  </testcase>
</testsuite>